2021-06-21 16:46:52,949 [1] INFO MicEmployeUI.Program - Assigning Project to Employee
2021-06-21 16:46:52,964 [1] INFO MicEmployeUI.Program - Employee Details added successfully
2021-06-21 16:48:27,509 [1] INFO MicEmployeUI.Program - Project Manager and Project assigned to Employee
2021-06-21 16:52:15,199 [1] INFO MicEmployeUI.Program - Assigning Project to Employee
2021-06-21 16:52:15,214 [1] INFO MicEmployeUI.Program - Employee Details added successfully
2021-06-21 16:52:15,218 [1] INFO MicEmployeUI.Program - Task assigned to a particular Employee
2021-06-21 16:53:04,657 [1] INFO MicEmployeUI.Program - Project Manager and Project assigned to Employee
2021-06-21 16:55:44,228 [1] INFO MicEmployeUI.Program - Assigning Project to Employee
2021-06-21 16:55:44,250 [1] INFO MicEmployeUI.Program - Employee Details added successfully
2021-06-21 16:55:44,257 [1] INFO MicEmployeUI.Program - Assigning Task to a particular Employee
2021-06-21 16:56:08,628 [1] INFO MicEmployeUI.Program - Task Assigned
2021-06-21 16:56:18,421 [1] INFO MicEmployeUI.Program - Project Manager and Project assigned to Employee
2021-06-21 17:07:25,560 [1] INFO MicEmployeUI.Program - Assigning Project to Employee
2021-06-21 17:07:25,608 [1] INFO MicEmployeUI.Program - Employee Details added successfully
2021-06-21 17:07:25,612 [1] INFO MicEmployeUI.Program - Assigning Task to a particular Employee
2021-06-21 17:18:56,580 [1] INFO MicEmployeUI.Program - Assigning Project to Employee
2021-06-21 17:18:56,596 [1] INFO MicEmployeUI.Program - Employee Details added successfully
2021-06-21 17:18:56,602 [1] INFO MicEmployeUI.Program - Assigning Task to a particular Employee
2021-06-21 17:19:10,108 [1] INFO MicEmployeUI.Program - Task Assigned
2021-06-21 17:19:14,167 [1] INFO MicEmployeUI.Program - Project Manager and Project assigned to Employee
2021-06-21 17:25:19,710 [1] INFO MicEmployeUI.Program - Assigning Project to Employee
2021-06-21 17:25:19,730 [1] INFO MicEmployeUI.Program - Employee Details added successfully
2021-06-21 17:25:19,738 [1] INFO MicEmployeUI.Program - Assigning Task to a particular Employee
2021-06-21 17:25:24,535 [1] INFO MicEmployeUI.Program - Task Assigned
2021-06-21 17:25:28,345 [1] INFO MicEmployeUI.Program - Project Manager and Project assigned to Employee
